{"/Users/anhcao/Projects/dircryptex/babel.config.ts": {"path":"/Users/anhcao/Projects/dircryptex/babel.config.ts","statementMap":{"0":{"start":{"line":1,"column":0},"end":{"line":3,"column":1}}},"fnMap":{},"branchMap":{},"s":{"0":0},"f":{},"b":{}}
,"/Users/anhcao/Projects/dircryptex/jest.config.ts": {"path":"/Users/anhcao/Projects/dircryptex/jest.config.ts","statementMap":{"0":{"start":{"line":3,"column":23},"end":{"line":27,"column":1}}},"fnMap":{},"branchMap":{},"s":{"0":0},"f":{},"b":{}}
,"/Users/anhcao/Projects/dircryptex/next-env.d.ts": {"path":"/Users/anhcao/Projects/dircryptex/next-env.d.ts","statementMap":{},"fnMap":{},"branchMap":{},"s":{},"f":{},"b":{}}
,"/Users/anhcao/Projects/dircryptex/app/store.ts": {"path":"/Users/anhcao/Projects/dircryptex/app/store.ts","statementMap":{"0":{"start":{"line":4,"column":21},"end":{"line":4,"column":61}}},"fnMap":{},"branchMap":{},"s":{"0":0},"f":{},"b":{}}
,"/Users/anhcao/Projects/dircryptex/app/reducers/index.ts": {"path":"/Users/anhcao/Projects/dircryptex/app/reducers/index.ts","statementMap":{"0":{"start":{"line":3,"column":20},"end":{"line":5,"column":1}}},"fnMap":{},"branchMap":{},"s":{"0":0},"f":{},"b":{}}
,"/Users/anhcao/Projects/dircryptex/components/Branding/Branding.mock.tsx": {"path":"/Users/anhcao/Projects/dircryptex/components/Branding/Branding.mock.tsx","statementMap":{"0":{"start":{"line":3,"column":36},"end":{"line":7,"column":1}}},"fnMap":{},"branchMap":{},"s":{"0":0},"f":{},"b":{}}
,"/Users/anhcao/Projects/dircryptex/components/Branding/index.tsx": {"path":"/Users/anhcao/Projects/dircryptex/components/Branding/index.tsx","statementMap":{"0":{"start":{"line":9,"column":17},"end":{"line":21,"column":1}},"1":{"start":{"line":10,"column":2},"end":{"line":20,"column":3}}},"fnMap":{"0":{"name":"(anonymous_0)","decl":{"start":{"line":9,"column":17},"end":{"line":9,"column":18}},"loc":{"start":{"line":9,"column":79},"end":{"line":21,"column":1}},"line":9}},"branchMap":{"0":{"loc":{"start":{"line":9,"column":20},"end":{"line":9,"column":31}},"type":"default-arg","locations":[{"start":{"line":9,"column":29},"end":{"line":9,"column":31}}],"line":9},"1":{"loc":{"start":{"line":13,"column":9},"end":{"line":13,"column":30}},"type":"binary-expr","locations":[{"start":{"line":13,"column":9},"end":{"line":13,"column":14}},{"start":{"line":13,"column":18},"end":{"line":13,"column":30}}],"line":13},"2":{"loc":{"start":{"line":16,"column":9},"end":{"line":16,"column":59}},"type":"binary-expr","locations":[{"start":{"line":16,"column":9},"end":{"line":16,"column":20}},{"start":{"line":16,"column":24},"end":{"line":16,"column":59}}],"line":16}},"s":{"0":1,"1":1},"f":{"0":1},"b":{"0":[0],"1":[1,1],"2":[1,1]},"_coverageSchema":"1a1c01bbd47fc00a2c39e90264f33305004495a9","hash":"c8a9d093846b90a82f68fc78393826a1182dc08f"}
,"/Users/anhcao/Projects/dircryptex/components/CryptoExchange/CryotoExchange.mock.ts": {"path":"/Users/anhcao/Projects/dircryptex/components/CryptoExchange/CryotoExchange.mock.ts","statementMap":{"0":{"start":{"line":3,"column":37},"end":{"line":23,"column":1}}},"fnMap":{},"branchMap":{},"s":{"0":0},"f":{},"b":{}}
,"/Users/anhcao/Projects/dircryptex/components/CryptoExchange/index.tsx": {"path":"/Users/anhcao/Projects/dircryptex/components/CryptoExchange/index.tsx","statementMap":{"0":{"start":{"line":37,"column":23},"end":{"line":191,"column":1}},"1":{"start":{"line":58,"column":2},"end":{"line":190,"column":3}}},"fnMap":{"0":{"name":"(anonymous_0)","decl":{"start":{"line":37,"column":23},"end":{"line":37,"column":24}},"loc":{"start":{"line":57,"column":23},"end":{"line":191,"column":1}},"line":57}},"branchMap":{"0":{"loc":{"start":{"line":63,"column":10},"end":{"line":63,"column":43}},"type":"cond-expr","locations":[{"start":{"line":63,"column":26},"end":{"line":63,"column":39}},{"start":{"line":63,"column":42},"end":{"line":63,"column":43}}],"line":63},"1":{"loc":{"start":{"line":88,"column":21},"end":{"line":88,"column":52}},"type":"binary-expr","locations":[{"start":{"line":88,"column":21},"end":{"line":88,"column":28}},{"start":{"line":88,"column":32},"end":{"line":88,"column":52}}],"line":88},"2":{"loc":{"start":{"line":93,"column":17},"end":{"line":98,"column":24}},"type":"cond-expr","locations":[{"start":{"line":94,"column":18},"end":{"line":97,"column":21}},{"start":{"line":98,"column":20},"end":{"line":98,"column":24}}],"line":93},"3":{"loc":{"start":{"line":100,"column":15},"end":{"line":111,"column":15}},"type":"binary-expr","locations":[{"start":{"line":100,"column":15},"end":{"line":100,"column":26}},{"start":{"line":101,"column":16},"end":{"line":110,"column":39}}],"line":100},"4":{"loc":{"start":{"line":119,"column":15},"end":{"line":127,"column":15}},"type":"binary-expr","locations":[{"start":{"line":119,"column":15},"end":{"line":119,"column":27}},{"start":{"line":120,"column":16},"end":{"line":126,"column":39}}],"line":119},"5":{"loc":{"start":{"line":128,"column":15},"end":{"line":140,"column":15}},"type":"binary-expr","locations":[{"start":{"line":128,"column":15},"end":{"line":128,"column":29}},{"start":{"line":129,"column":16},"end":{"line":139,"column":39}}],"line":128},"6":{"loc":{"start":{"line":141,"column":15},"end":{"line":148,"column":15}},"type":"binary-expr","locations":[{"start":{"line":141,"column":15},"end":{"line":141,"column":25}},{"start":{"line":142,"column":16},"end":{"line":147,"column":39}}],"line":141},"7":{"loc":{"start":{"line":149,"column":15},"end":{"line":157,"column":15}},"type":"binary-expr","locations":[{"start":{"line":149,"column":15},"end":{"line":149,"column":27}},{"start":{"line":150,"column":16},"end":{"line":156,"column":39}}],"line":149},"8":{"loc":{"start":{"line":158,"column":15},"end":{"line":166,"column":15}},"type":"binary-expr","locations":[{"start":{"line":158,"column":15},"end":{"line":158,"column":24}},{"start":{"line":159,"column":16},"end":{"line":165,"column":39}}],"line":158},"9":{"loc":{"start":{"line":167,"column":15},"end":{"line":175,"column":15}},"type":"binary-expr","locations":[{"start":{"line":167,"column":15},"end":{"line":167,"column":26}},{"start":{"line":168,"column":16},"end":{"line":174,"column":39}}],"line":167},"10":{"loc":{"start":{"line":176,"column":15},"end":{"line":184,"column":15}},"type":"binary-expr","locations":[{"start":{"line":176,"column":15},"end":{"line":176,"column":26}},{"start":{"line":177,"column":16},"end":{"line":183,"column":39}}],"line":176}},"s":{"0":0,"1":0},"f":{"0":0},"b":{"0":[0,0],"1":[0,0],"2":[0,0],"3":[0,0],"4":[0,0],"5":[0,0],"6":[0,0],"7":[0,0],"8":[0,0],"9":[0,0],"10":[0,0]}}
,"/Users/anhcao/Projects/dircryptex/components/Fillter/index.tsx": {"path":"/Users/anhcao/Projects/dircryptex/components/Fillter/index.tsx","statementMap":{"0":{"start":{"line":5,"column":15},"end":{"line":29,"column":1}},"1":{"start":{"line":6,"column":2},"end":{"line":28,"column":3}}},"fnMap":{"0":{"name":"(anonymous_0)","decl":{"start":{"line":5,"column":15},"end":{"line":5,"column":16}},"loc":{"start":{"line":5,"column":21},"end":{"line":29,"column":1}},"line":5}},"branchMap":{},"s":{"0":0,"1":0},"f":{"0":0},"b":{}}
,"/Users/anhcao/Projects/dircryptex/components/Footer/index.tsx": {"path":"/Users/anhcao/Projects/dircryptex/components/Footer/index.tsx","statementMap":{"0":{"start":{"line":3,"column":15},"end":{"line":27,"column":1}},"1":{"start":{"line":4,"column":2},"end":{"line":26,"column":3}}},"fnMap":{"0":{"name":"(anonymous_0)","decl":{"start":{"line":3,"column":15},"end":{"line":3,"column":16}},"loc":{"start":{"line":3,"column":41},"end":{"line":27,"column":1}},"line":3}},"branchMap":{"0":{"loc":{"start":{"line":3,"column":18},"end":{"line":3,"column":29}},"type":"default-arg","locations":[{"start":{"line":3,"column":27},"end":{"line":3,"column":29}}],"line":3}},"s":{"0":1,"1":1},"f":{"0":1},"b":{"0":[0]},"_coverageSchema":"1a1c01bbd47fc00a2c39e90264f33305004495a9","hash":"fda3c8c07c6f2f7c367f5125057ee06bfe666d01"}
,"/Users/anhcao/Projects/dircryptex/components/Head/index.tsx": {"path":"/Users/anhcao/Projects/dircryptex/components/Head/index.tsx","statementMap":{"0":{"start":{"line":2,"column":13},"end":{"line":11,"column":1}},"1":{"start":{"line":3,"column":2},"end":{"line":10,"column":3}}},"fnMap":{"0":{"name":"(anonymous_0)","decl":{"start":{"line":2,"column":13},"end":{"line":2,"column":14}},"loc":{"start":{"line":2,"column":19},"end":{"line":11,"column":1}},"line":2}},"branchMap":{},"s":{"0":1,"1":1},"f":{"0":1},"b":{},"_coverageSchema":"1a1c01bbd47fc00a2c39e90264f33305004495a9","hash":"2f6484f51e73f8a68774a2bea97356067c9b9c3f"}
,"/Users/anhcao/Projects/dircryptex/components/Layout/Exchange.tsx": {"path":"/Users/anhcao/Projects/dircryptex/components/Layout/Exchange.tsx","statementMap":{"0":{"start":{"line":6,"column":23},"end":{"line":14,"column":1}},"1":{"start":{"line":7,"column":2},"end":{"line":13,"column":3}}},"fnMap":{"0":{"name":"(anonymous_0)","decl":{"start":{"line":6,"column":23},"end":{"line":6,"column":24}},"loc":{"start":{"line":6,"column":75},"end":{"line":14,"column":1}},"line":6}},"branchMap":{},"s":{"0":1,"1":0},"f":{"0":0},"b":{},"_coverageSchema":"1a1c01bbd47fc00a2c39e90264f33305004495a9","hash":"6d630262a3db4593de017055a3e90188a3ac052e"}
,"/Users/anhcao/Projects/dircryptex/components/Layout/Listing.tsx": {"path":"/Users/anhcao/Projects/dircryptex/components/Layout/Listing.tsx","statementMap":{"0":{"start":{"line":5,"column":22},"end":{"line":7,"column":1}},"1":{"start":{"line":6,"column":2},"end":{"line":6,"column":36}}},"fnMap":{"0":{"name":"(anonymous_0)","decl":{"start":{"line":5,"column":22},"end":{"line":5,"column":23}},"loc":{"start":{"line":5,"column":74},"end":{"line":7,"column":1}},"line":5}},"branchMap":{},"s":{"0":1,"1":1},"f":{"0":1},"b":{},"_coverageSchema":"1a1c01bbd47fc00a2c39e90264f33305004495a9","hash":"597d41abd018415de3a09d7f60c68a291b21d0d2"}
,"/Users/anhcao/Projects/dircryptex/components/Layout/index.tsx": {"path":"/Users/anhcao/Projects/dircryptex/components/Layout/index.tsx","statementMap":{"0":{"start":{"line":13,"column":31},"end":{"line":16,"column":1}},"1":{"start":{"line":17,"column":15},"end":{"line":35,"column":1}},"2":{"start":{"line":22,"column":24},"end":{"line":22,"column":48}},"3":{"start":{"line":23,"column":2},"end":{"line":34,"column":3}}},"fnMap":{"0":{"name":"(anonymous_0)","decl":{"start":{"line":17,"column":15},"end":{"line":17,"column":16}},"loc":{"start":{"line":21,"column":9},"end":{"line":35,"column":1}},"line":21}},"branchMap":{"0":{"loc":{"start":{"line":18,"column":2},"end":{"line":18,"column":21}},"type":"default-arg","locations":[{"start":{"line":18,"column":12},"end":{"line":18,"column":21}}],"line":18}},"s":{"0":1,"1":1,"2":1,"3":1},"f":{"0":1},"b":{"0":[1]},"_coverageSchema":"1a1c01bbd47fc00a2c39e90264f33305004495a9","hash":"1447ec7637614aa6d4990cdd13081d643e6570b8"}
,"/Users/anhcao/Projects/dircryptex/features/Dircryptex/index.tsx": {"path":"/Users/anhcao/Projects/dircryptex/features/Dircryptex/index.tsx","statementMap":{"0":{"start":{"line":11,"column":19},"end":{"line":18,"column":1}},"1":{"start":{"line":12,"column":2},"end":{"line":17,"column":3}}},"fnMap":{"0":{"name":"(anonymous_0)","decl":{"start":{"line":11,"column":19},"end":{"line":11,"column":20}},"loc":{"start":{"line":11,"column":25},"end":{"line":18,"column":1}},"line":11}},"branchMap":{},"s":{"0":0,"1":0},"f":{"0":0},"b":{}}
,"/Users/anhcao/Projects/dircryptex/features/Exchange/index.tsx": {"path":"/Users/anhcao/Projects/dircryptex/features/Exchange/index.tsx","statementMap":{"0":{"start":{"line":12,"column":21},"end":{"line":37,"column":1}},"1":{"start":{"line":13,"column":38},"end":{"line":13,"column":68}},"2":{"start":{"line":14,"column":32},"end":{"line":17,"column":3}},"3":{"start":{"line":16,"column":6},"end":{"line":16,"column":80}},"4":{"start":{"line":16,"column":58},"end":{"line":16,"column":76}},"5":{"start":{"line":18,"column":2},"end":{"line":18,"column":77}},"6":{"start":{"line":18,"column":25},"end":{"line":18,"column":77}},"7":{"start":{"line":19,"column":2},"end":{"line":24,"column":5}},"8":{"start":{"line":20,"column":4},"end":{"line":24,"column":5}},"9":{"start":{"line":25,"column":2},"end":{"line":36,"column":3}}},"fnMap":{"0":{"name":"(anonymous_0)","decl":{"start":{"line":12,"column":21},"end":{"line":12,"column":22}},"loc":{"start":{"line":12,"column":66},"end":{"line":37,"column":1}},"line":12},"1":{"name":"(anonymous_1)","decl":{"start":{"line":15,"column":4},"end":{"line":15,"column":5}},"loc":{"start":{"line":16,"column":6},"end":{"line":16,"column":80}},"line":16},"2":{"name":"(anonymous_2)","decl":{"start":{"line":16,"column":44},"end":{"line":16,"column":45}},"loc":{"start":{"line":16,"column":58},"end":{"line":16,"column":76}},"line":16}},"branchMap":{"0":{"loc":{"start":{"line":18,"column":2},"end":{"line":18,"column":77}},"type":"if","locations":[{"start":{"line":18,"column":2},"end":{"line":18,"column":77}},{"start":{},"end":{}}],"line":18},"1":{"loc":{"start":{"line":18,"column":6},"end":{"line":18,"column":23}},"type":"binary-expr","locations":[{"start":{"line":18,"column":6},"end":{"line":18,"column":14}},{"start":{"line":18,"column":18},"end":{"line":18,"column":23}}],"line":18},"2":{"loc":{"start":{"line":19,"column":2},"end":{"line":24,"column":5}},"type":"if","locations":[{"start":{"line":19,"column":2},"end":{"line":24,"column":5}},{"start":{},"end":{}}],"line":19},"3":{"loc":{"start":{"line":32,"column":18},"end":{"line":32,"column":63}},"type":"cond-expr","locations":[{"start":{"line":32,"column":55},"end":{"line":32,"column":56}},{"start":{"line":32,"column":59},"end":{"line":32,"column":63}}],"line":32}},"s":{"0":0,"1":0,"2":0,"3":0,"4":0,"5":0,"6":0,"7":0,"8":0,"9":0},"f":{"0":0,"1":0,"2":0},"b":{"0":[0,0],"1":[0,0],"2":[0,0],"3":[0,0]}}
,"/Users/anhcao/Projects/dircryptex/features/Listing/index.tsx": {"path":"/Users/anhcao/Projects/dircryptex/features/Listing/index.tsx","statementMap":{"0":{"start":{"line":13,"column":20},"end":{"line":52,"column":1}},"1":{"start":{"line":14,"column":26},"end":{"line":43,"column":3}},"2":{"start":{"line":19,"column":4},"end":{"line":19,"column":39}},"3":{"start":{"line":19,"column":28},"end":{"line":19,"column":39}},"4":{"start":{"line":20,"column":4},"end":{"line":42,"column":5}},"5":{"start":{"line":25,"column":27},"end":{"line":25,"column":43}},"6":{"start":{"line":27,"column":36},"end":{"line":33,"column":38}},"7":{"start":{"line":34,"column":14},"end":{"line":34,"column":79}},"8":{"start":{"line":44,"column":38},"end":{"line":44,"column":58}},"9":{"start":{"line":45,"column":2},"end":{"line":46,"column":74}},"10":{"start":{"line":46,"column":4},"end":{"line":46,"column":74}},"11":{"start":{"line":47,"column":2},"end":{"line":51,"column":3}}},"fnMap":{"0":{"name":"(anonymous_0)","decl":{"start":{"line":13,"column":20},"end":{"line":13,"column":21}},"loc":{"start":{"line":13,"column":26},"end":{"line":52,"column":1}},"line":13},"1":{"name":"(anonymous_1)","decl":{"start":{"line":14,"column":26},"end":{"line":14,"column":27}},"loc":{"start":{"line":18,"column":8},"end":{"line":43,"column":3}},"line":18},"2":{"name":"(anonymous_2)","decl":{"start":{"line":24,"column":12},"end":{"line":24,"column":13}},"loc":{"start":{"line":24,"column":69},"end":{"line":35,"column":13}},"line":24}},"branchMap":{"0":{"loc":{"start":{"line":19,"column":4},"end":{"line":19,"column":39}},"type":"if","locations":[{"start":{"line":19,"column":4},"end":{"line":19,"column":39}},{"start":{},"end":{}}],"line":19},"1":{"loc":{"start":{"line":45,"column":2},"end":{"line":46,"column":74}},"type":"if","locations":[{"start":{"line":45,"column":2},"end":{"line":46,"column":74}},{"start":{},"end":{}}],"line":45}},"s":{"0":0,"1":0,"2":0,"3":0,"4":0,"5":0,"6":0,"7":0,"8":0,"9":0,"10":0,"11":0},"f":{"0":0,"1":0,"2":0},"b":{"0":[0,0],"1":[0,0]}}
,"/Users/anhcao/Projects/dircryptex/features/Listing/listingSlice.ts": {"path":"/Users/anhcao/Projects/dircryptex/features/Listing/listingSlice.ts","statementMap":{"0":{"start":{"line":7,"column":40},"end":{"line":9,"column":1}},"1":{"start":{"line":10,"column":21},"end":{"line":19,"column":2}},"2":{"start":{"line":16,"column":6},"end":{"line":16,"column":44}},"3":{"start":{"line":20,"column":42},"end":{"line":20,"column":62}}},"fnMap":{"0":{"name":"(anonymous_0)","decl":{"start":{"line":14,"column":28},"end":{"line":14,"column":29}},"loc":{"start":{"line":14,"column":84},"end":{"line":17,"column":5}},"line":14}},"branchMap":{},"s":{"0":0,"1":0,"2":0,"3":0},"f":{"0":0},"b":{}}
,"/Users/anhcao/Projects/dircryptex/hooks/useCryptoExchanges.ts": {"path":"/Users/anhcao/Projects/dircryptex/hooks/useCryptoExchanges.ts","statementMap":{"0":{"start":{"line":14,"column":27},"end":{"line":14,"column":45}},"1":{"start":{"line":26,"column":28},"end":{"line":78,"column":1}},"2":{"start":{"line":27,"column":17},"end":{"line":27,"column":68}},"3":{"start":{"line":27,"column":32},"end":{"line":27,"column":58}},"4":{"start":{"line":28,"column":48},"end":{"line":28,"column":67}},"5":{"start":{"line":29,"column":32},"end":{"line":29,"column":46}},"6":{"start":{"line":30,"column":28},"end":{"line":30,"column":42}},"7":{"start":{"line":31,"column":26},"end":{"line":31,"column":82}},"8":{"start":{"line":31,"column":52},"end":{"line":31,"column":81}},"9":{"start":{"line":32,"column":19},"end":{"line":32,"column":35}},"10":{"start":{"line":33,"column":23},"end":{"line":33,"column":87}},"11":{"start":{"line":33,"column":55},"end":{"line":33,"column":78}},"12":{"start":{"line":34,"column":30},"end":{"line":47,"column":37}},"13":{"start":{"line":35,"column":4},"end":{"line":46,"column":5}},"14":{"start":{"line":36,"column":21},"end":{"line":36,"column":92}},"15":{"start":{"line":37,"column":6},"end":{"line":40,"column":7}},"16":{"start":{"line":38,"column":8},"end":{"line":38,"column":55}},"17":{"start":{"line":39,"column":8},"end":{"line":39,"column":55}},"18":{"start":{"line":43,"column":6},"end":{"line":43,"column":21}},"19":{"start":{"line":45,"column":6},"end":{"line":45,"column":45}},"20":{"start":{"line":45,"column":22},"end":{"line":45,"column":39}},"21":{"start":{"line":48,"column":33},"end":{"line":60,"column":7}},"22":{"start":{"line":49,"column":4},"end":{"line":59,"column":5}},"23":{"start":{"line":50,"column":21},"end":{"line":50,"column":72}},"24":{"start":{"line":51,"column":6},"end":{"line":53,"column":7}},"25":{"start":{"line":52,"column":8},"end":{"line":52,"column":43}},"26":{"start":{"line":56,"column":6},"end":{"line":56,"column":21}},"27":{"start":{"line":58,"column":6},"end":{"line":58,"column":45}},"28":{"start":{"line":58,"column":22},"end":{"line":58,"column":39}},"29":{"start":{"line":62,"column":2},"end":{"line":75,"column":86}},"30":{"start":{"line":63,"column":4},"end":{"line":74,"column":5}},"31":{"start":{"line":65,"column":6},"end":{"line":65,"column":32}},"32":{"start":{"line":69,"column":6},"end":{"line":73,"column":7}},"33":{"start":{"line":69,"column":35},"end":{"line":69,"column":56}},"34":{"start":{"line":71,"column":8},"end":{"line":71,"column":57}},"35":{"start":{"line":72,"column":8},"end":{"line":72,"column":25}},"36":{"start":{"line":77,"column":2},"end":{"line":77,"column":67}}},"fnMap":{"0":{"name":"(anonymous_0)","decl":{"start":{"line":26,"column":28},"end":{"line":26,"column":29}},"loc":{"start":{"line":26,"column":87},"end":{"line":78,"column":1}},"line":26},"1":{"name":"(anonymous_1)","decl":{"start":{"line":27,"column":25},"end":{"line":27,"column":26}},"loc":{"start":{"line":27,"column":32},"end":{"line":27,"column":58}},"line":27},"2":{"name":"(anonymous_2)","decl":{"start":{"line":31,"column":41},"end":{"line":31,"column":42}},"loc":{"start":{"line":31,"column":52},"end":{"line":31,"column":81}},"line":31},"3":{"name":"(anonymous_3)","decl":{"start":{"line":33,"column":35},"end":{"line":33,"column":36}},"loc":{"start":{"line":33,"column":55},"end":{"line":33,"column":78}},"line":33},"4":{"name":"(anonymous_4)","decl":{"start":{"line":34,"column":42},"end":{"line":34,"column":43}},"loc":{"start":{"line":34,"column":53},"end":{"line":47,"column":3}},"line":34},"5":{"name":"(anonymous_5)","decl":{"start":{"line":45,"column":17},"end":{"line":45,"column":18}},"loc":{"start":{"line":45,"column":22},"end":{"line":45,"column":39}},"line":45},"6":{"name":"(anonymous_6)","decl":{"start":{"line":48,"column":45},"end":{"line":48,"column":46}},"loc":{"start":{"line":48,"column":65},"end":{"line":60,"column":3}},"line":48},"7":{"name":"(anonymous_7)","decl":{"start":{"line":58,"column":17},"end":{"line":58,"column":18}},"loc":{"start":{"line":58,"column":22},"end":{"line":58,"column":39}},"line":58},"8":{"name":"(anonymous_8)","decl":{"start":{"line":62,"column":12},"end":{"line":62,"column":13}},"loc":{"start":{"line":62,"column":18},"end":{"line":75,"column":3}},"line":62}},"branchMap":{"0":{"loc":{"start":{"line":26,"column":29},"end":{"line":26,"column":82}},"type":"default-arg","locations":[{"start":{"line":26,"column":69},"end":{"line":26,"column":82}}],"line":26},"1":{"loc":{"start":{"line":37,"column":6},"end":{"line":40,"column":7}},"type":"if","locations":[{"start":{"line":37,"column":6},"end":{"line":40,"column":7}},{"start":{},"end":{}}],"line":37},"2":{"loc":{"start":{"line":37,"column":10},"end":{"line":37,"column":48}},"type":"binary-expr","locations":[{"start":{"line":37,"column":10},"end":{"line":37,"column":31}},{"start":{"line":37,"column":35},"end":{"line":37,"column":48}}],"line":37},"3":{"loc":{"start":{"line":51,"column":6},"end":{"line":53,"column":7}},"type":"if","locations":[{"start":{"line":51,"column":6},"end":{"line":53,"column":7}},{"start":{},"end":{}}],"line":51},"4":{"loc":{"start":{"line":51,"column":10},"end":{"line":51,"column":48}},"type":"binary-expr","locations":[{"start":{"line":51,"column":10},"end":{"line":51,"column":31}},{"start":{"line":51,"column":35},"end":{"line":51,"column":48}}],"line":51},"5":{"loc":{"start":{"line":63,"column":4},"end":{"line":74,"column":5}},"type":"if","locations":[{"start":{"line":63,"column":4},"end":{"line":74,"column":5}},{"start":{"line":66,"column":11},"end":{"line":74,"column":5}}],"line":63},"6":{"loc":{"start":{"line":69,"column":6},"end":{"line":73,"column":7}},"type":"if","locations":[{"start":{"line":69,"column":6},"end":{"line":73,"column":7}},{"start":{"line":70,"column":11},"end":{"line":73,"column":7}}],"line":69}},"s":{"0":0,"1":0,"2":0,"3":0,"4":0,"5":0,"6":0,"7":0,"8":0,"9":0,"10":0,"11":0,"12":0,"13":0,"14":0,"15":0,"16":0,"17":0,"18":0,"19":0,"20":0,"21":0,"22":0,"23":0,"24":0,"25":0,"26":0,"27":0,"28":0,"29":0,"30":0,"31":0,"32":0,"33":0,"34":0,"35":0,"36":0},"f":{"0":0,"1":0,"2":0,"3":0,"4":0,"5":0,"6":0,"7":0,"8":0},"b":{"0":[0],"1":[0,0],"2":[0,0],"3":[0,0],"4":[0,0],"5":[0,0],"6":[0,0]}}
,"/Users/anhcao/Projects/dircryptex/hooks/useStore.ts": {"path":"/Users/anhcao/Projects/dircryptex/hooks/useStore.ts","statementMap":{"0":{"start":{"line":5,"column":49},"end":{"line":5,"column":60}},"1":{"start":{"line":6,"column":63},"end":{"line":6,"column":74}}},"fnMap":{},"branchMap":{},"s":{"0":0,"1":0},"f":{},"b":{}}
,"/Users/anhcao/Projects/dircryptex/pages/_app.tsx": {"path":"/Users/anhcao/Projects/dircryptex/pages/_app.tsx","statementMap":{"0":{"start":{"line":7,"column":2},"end":{"line":11,"column":3}}},"fnMap":{"0":{"name":"MyApp","decl":{"start":{"line":6,"column":9},"end":{"line":6,"column":14}},"loc":{"start":{"line":6,"column":51},"end":{"line":12,"column":1}},"line":6}},"branchMap":{},"s":{"0":0},"f":{"0":0},"b":{}}
,"/Users/anhcao/Projects/dircryptex/pages/index.tsx": {"path":"/Users/anhcao/Projects/dircryptex/pages/index.tsx","statementMap":{"0":{"start":{"line":5,"column":23},"end":{"line":11,"column":1}},"1":{"start":{"line":6,"column":2},"end":{"line":10,"column":3}}},"fnMap":{"0":{"name":"(anonymous_0)","decl":{"start":{"line":5,"column":23},"end":{"line":5,"column":24}},"loc":{"start":{"line":5,"column":29},"end":{"line":11,"column":1}},"line":5}},"branchMap":{},"s":{"0":0,"1":0},"f":{"0":0},"b":{}}
,"/Users/anhcao/Projects/dircryptex/pages/api/ping.ts": {"path":"/Users/anhcao/Projects/dircryptex/pages/api/ping.ts","statementMap":{"0":{"start":{"line":12,"column":2},"end":{"line":12,"column":43}}},"fnMap":{"0":{"name":"handler","decl":{"start":{"line":8,"column":24},"end":{"line":8,"column":31}},"loc":{"start":{"line":11,"column":2},"end":{"line":13,"column":1}},"line":11}},"branchMap":{},"s":{"0":0},"f":{"0":0},"b":{}}
,"/Users/anhcao/Projects/dircryptex/pages/exchange/[id].tsx": {"path":"/Users/anhcao/Projects/dircryptex/pages/exchange/[id].tsx","statementMap":{"0":{"start":{"line":6,"column":17},"end":{"line":30,"column":1}},"1":{"start":{"line":7,"column":17},"end":{"line":7,"column":28}},"2":{"start":{"line":8,"column":17},"end":{"line":8,"column":29}},"3":{"start":{"line":9,"column":24},"end":{"line":9,"column":76}},"4":{"start":{"line":9,"column":30},"end":{"line":9,"column":76}},"5":{"start":{"line":11,"column":2},"end":{"line":29,"column":3}}},"fnMap":{"0":{"name":"(anonymous_0)","decl":{"start":{"line":6,"column":17},"end":{"line":6,"column":18}},"loc":{"start":{"line":6,"column":23},"end":{"line":30,"column":1}},"line":6},"1":{"name":"(anonymous_1)","decl":{"start":{"line":9,"column":24},"end":{"line":9,"column":25}},"loc":{"start":{"line":9,"column":30},"end":{"line":9,"column":76}},"line":9}},"branchMap":{"0":{"loc":{"start":{"line":27,"column":7},"end":{"line":27,"column":57}},"type":"binary-expr","locations":[{"start":{"line":27,"column":8},"end":{"line":27,"column":10}},{"start":{"line":27,"column":14},"end":{"line":27,"column":48}},{"start":{"line":27,"column":53},"end":{"line":27,"column":57}}],"line":27}},"s":{"0":0,"1":0,"2":0,"3":0,"4":0,"5":0},"f":{"0":0,"1":0},"b":{"0":[0,0,0]}}
,"/Users/anhcao/Projects/dircryptex/pages/exchange/index.tsx": {"path":"/Users/anhcao/Projects/dircryptex/pages/exchange/index.tsx","statementMap":{"0":{"start":{"line":4,"column":17},"end":{"line":9,"column":1}},"1":{"start":{"line":5,"column":17},"end":{"line":5,"column":28}},"2":{"start":{"line":6,"column":2},"end":{"line":8,"column":14}},"3":{"start":{"line":7,"column":4},"end":{"line":7,"column":50}}},"fnMap":{"0":{"name":"(anonymous_0)","decl":{"start":{"line":4,"column":17},"end":{"line":4,"column":18}},"loc":{"start":{"line":4,"column":23},"end":{"line":9,"column":1}},"line":4},"1":{"name":"(anonymous_1)","decl":{"start":{"line":6,"column":12},"end":{"line":6,"column":13}},"loc":{"start":{"line":6,"column":18},"end":{"line":8,"column":3}},"line":6}},"branchMap":{},"s":{"0":0,"1":0,"2":0,"3":0},"f":{"0":0,"1":0},"b":{}}
}
