TN:
SF:babel.config.ts
FNF:0
FNH:0
DA:1,0
LF:1
LH:0
BRF:0
BRH:0
end_of_record
TN:
SF:jest.config.ts
FNF:0
FNH:0
DA:3,0
LF:1
LH:0
BRF:0
BRH:0
end_of_record
TN:
SF:next-env.d.ts
FNF:0
FNH:0
LF:0
LH:0
BRF:0
BRH:0
end_of_record
TN:
SF:app/store.ts
FNF:0
FNH:0
DA:4,0
LF:1
LH:0
BRF:0
BRH:0
end_of_record
TN:
SF:app/reducers/index.ts
FNF:0
FNH:0
DA:3,0
LF:1
LH:0
BRF:0
BRH:0
end_of_record
TN:
SF:components/Branding/Branding.mock.tsx
FNF:0
FNH:0
DA:3,0
LF:1
LH:0
BRF:0
BRH:0
end_of_record
TN:
SF:components/Branding/index.tsx
FN:9,(anonymous_0)
FNF:1
FNH:1
FNDA:1,(anonymous_0)
DA:9,1
DA:10,1
LF:2
LH:2
BRDA:9,0,0,0
BRDA:13,1,0,1
BRDA:13,1,1,1
BRDA:16,2,0,1
BRDA:16,2,1,1
BRF:5
BRH:4
end_of_record
TN:
SF:components/CryptoExchange/CryotoExchange.mock.ts
FNF:0
FNH:0
DA:3,0
LF:1
LH:0
BRF:0
BRH:0
end_of_record
TN:
SF:components/CryptoExchange/index.tsx
FN:37,(anonymous_0)
FNF:1
FNH:0
FNDA:0,(anonymous_0)
DA:37,0
DA:58,0
LF:2
LH:0
BRDA:63,0,0,0
BRDA:63,0,1,0
BRDA:88,1,0,0
BRDA:88,1,1,0
BRDA:93,2,0,0
BRDA:93,2,1,0
BRDA:100,3,0,0
BRDA:100,3,1,0
BRDA:119,4,0,0
BRDA:119,4,1,0
BRDA:128,5,0,0
BRDA:128,5,1,0
BRDA:141,6,0,0
BRDA:141,6,1,0
BRDA:149,7,0,0
BRDA:149,7,1,0
BRDA:158,8,0,0
BRDA:158,8,1,0
BRDA:167,9,0,0
BRDA:167,9,1,0
BRDA:176,10,0,0
BRDA:176,10,1,0
BRF:22
BRH:0
end_of_record
TN:
SF:components/Fillter/index.tsx
FN:5,(anonymous_0)
FNF:1
FNH:0
FNDA:0,(anonymous_0)
DA:5,0
DA:6,0
LF:2
LH:0
BRF:0
BRH:0
end_of_record
TN:
SF:components/Footer/index.tsx
FN:3,(anonymous_0)
FNF:1
FNH:1
FNDA:1,(anonymous_0)
DA:3,1
DA:4,1
LF:2
LH:2
BRDA:3,0,0,0
BRF:1
BRH:0
end_of_record
TN:
SF:components/Head/index.tsx
FN:2,(anonymous_0)
FNF:1
FNH:1
FNDA:1,(anonymous_0)
DA:2,1
DA:3,1
LF:2
LH:2
BRF:0
BRH:0
end_of_record
TN:
SF:components/Layout/Exchange.tsx
FN:6,(anonymous_0)
FNF:1
FNH:0
FNDA:0,(anonymous_0)
DA:6,1
DA:7,0
LF:2
LH:1
BRF:0
BRH:0
end_of_record
TN:
SF:components/Layout/Listing.tsx
FN:5,(anonymous_0)
FNF:1
FNH:1
FNDA:1,(anonymous_0)
DA:5,1
DA:6,1
LF:2
LH:2
BRF:0
BRH:0
end_of_record
TN:
SF:components/Layout/index.tsx
FN:17,(anonymous_0)
FNF:1
FNH:1
FNDA:1,(anonymous_0)
DA:13,1
DA:17,1
DA:22,1
DA:23,1
LF:4
LH:4
BRDA:18,0,0,1
BRF:1
BRH:1
end_of_record
TN:
SF:features/Dircryptex/index.tsx
FN:11,(anonymous_0)
FNF:1
FNH:0
FNDA:0,(anonymous_0)
DA:11,0
DA:12,0
LF:2
LH:0
BRF:0
BRH:0
end_of_record
TN:
SF:features/Exchange/index.tsx
FN:12,(anonymous_0)
FN:15,(anonymous_1)
FN:16,(anonymous_2)
FNF:3
FNH:0
FNDA:0,(anonymous_0)
FNDA:0,(anonymous_1)
FNDA:0,(anonymous_2)
DA:12,0
DA:13,0
DA:14,0
DA:16,0
DA:18,0
DA:19,0
DA:20,0
DA:25,0
LF:8
LH:0
BRDA:18,0,0,0
BRDA:18,0,1,0
BRDA:18,1,0,0
BRDA:18,1,1,0
BRDA:19,2,0,0
BRDA:19,2,1,0
BRDA:32,3,0,0
BRDA:32,3,1,0
BRF:8
BRH:0
end_of_record
TN:
SF:features/Listing/index.tsx
FN:13,(anonymous_0)
FN:14,(anonymous_1)
FN:24,(anonymous_2)
FNF:3
FNH:0
FNDA:0,(anonymous_0)
FNDA:0,(anonymous_1)
FNDA:0,(anonymous_2)
DA:13,0
DA:14,0
DA:19,0
DA:20,0
DA:25,0
DA:27,0
DA:34,0
DA:44,0
DA:45,0
DA:46,0
DA:47,0
LF:11
LH:0
BRDA:19,0,0,0
BRDA:19,0,1,0
BRDA:45,1,0,0
BRDA:45,1,1,0
BRF:4
BRH:0
end_of_record
TN:
SF:features/Listing/listingSlice.ts
FN:14,(anonymous_0)
FNF:1
FNH:0
FNDA:0,(anonymous_0)
DA:7,0
DA:10,0
DA:16,0
DA:20,0
LF:4
LH:0
BRF:0
BRH:0
end_of_record
TN:
SF:hooks/useCryptoExchanges.ts
FN:26,(anonymous_0)
FN:27,(anonymous_1)
FN:31,(anonymous_2)
FN:33,(anonymous_3)
FN:34,(anonymous_4)
FN:45,(anonymous_5)
FN:48,(anonymous_6)
FN:58,(anonymous_7)
FN:62,(anonymous_8)
FNF:9
FNH:0
FNDA:0,(anonymous_0)
FNDA:0,(anonymous_1)
FNDA:0,(anonymous_2)
FNDA:0,(anonymous_3)
FNDA:0,(anonymous_4)
FNDA:0,(anonymous_5)
FNDA:0,(anonymous_6)
FNDA:0,(anonymous_7)
FNDA:0,(anonymous_8)
DA:14,0
DA:26,0
DA:27,0
DA:28,0
DA:29,0
DA:30,0
DA:31,0
DA:32,0
DA:33,0
DA:34,0
DA:35,0
DA:36,0
DA:37,0
DA:38,0
DA:39,0
DA:43,0
DA:45,0
DA:48,0
DA:49,0
DA:50,0
DA:51,0
DA:52,0
DA:56,0
DA:58,0
DA:62,0
DA:63,0
DA:65,0
DA:69,0
DA:71,0
DA:72,0
DA:77,0
LF:31
LH:0
BRDA:26,0,0,0
BRDA:37,1,0,0
BRDA:37,1,1,0
BRDA:37,2,0,0
BRDA:37,2,1,0
BRDA:51,3,0,0
BRDA:51,3,1,0
BRDA:51,4,0,0
BRDA:51,4,1,0
BRDA:63,5,0,0
BRDA:63,5,1,0
BRDA:69,6,0,0
BRDA:69,6,1,0
BRF:13
BRH:0
end_of_record
TN:
SF:hooks/useStore.ts
FNF:0
FNH:0
DA:5,0
DA:6,0
LF:2
LH:0
BRF:0
BRH:0
end_of_record
TN:
SF:pages/_app.tsx
FN:6,MyApp
FNF:1
FNH:0
FNDA:0,MyApp
DA:7,0
LF:1
LH:0
BRF:0
BRH:0
end_of_record
TN:
SF:pages/index.tsx
FN:5,(anonymous_0)
FNF:1
FNH:0
FNDA:0,(anonymous_0)
DA:5,0
DA:6,0
LF:2
LH:0
BRF:0
BRH:0
end_of_record
TN:
SF:pages/api/ping.ts
FN:8,handler
FNF:1
FNH:0
FNDA:0,handler
DA:12,0
LF:1
LH:0
BRF:0
BRH:0
end_of_record
TN:
SF:pages/exchange/[id].tsx
FN:6,(anonymous_0)
FN:9,(anonymous_1)
FNF:2
FNH:0
FNDA:0,(anonymous_0)
FNDA:0,(anonymous_1)
DA:6,0
DA:7,0
DA:8,0
DA:9,0
DA:11,0
LF:5
LH:0
BRDA:27,0,0,0
BRDA:27,0,1,0
BRDA:27,0,2,0
BRF:3
BRH:0
end_of_record
TN:
SF:pages/exchange/index.tsx
FN:4,(anonymous_0)
FN:6,(anonymous_1)
FNF:2
FNH:0
FNDA:0,(anonymous_0)
FNDA:0,(anonymous_1)
DA:4,0
DA:5,0
DA:6,0
DA:7,0
LF:4
LH:0
BRF:0
BRH:0
end_of_record
